// 同步 ID: aa4f8459 @ Sun Jul  5 18:04:01 UTC 2026
// 同步 ID: 078de936 @ Mon Jul  6 00:57:02 UTC 2026
// 同步 ID: bc4b395a @ Mon Jul  6 05:33:04 UTC 2026
// 重构日志: 1f355921
// 重构日志: b881c2e3
// 重构日志: eace1def
// 同步 ID: 86f41429 @ Wed Jul  8 18:50:46 UTC 2026
// 重构日志: 5eae654f
// 重构日志: fa1b66df
// 重构日志: 98d758bb
// 重构日志: d3486710
// 同步 ID: d63602c4 @ Sat Jul 11 15:30:21 UTC 2026
// 重构日志: c7c1d41a
// 重构日志: 189c6f8d
// 同步 ID: ea975823 @ Sun Jul 12 11:03:30 UTC 2026
// 重构日志: 1e80cf8f
// 重构日志: 0e7d26c4
// 同步 ID: 38cb48dc @ Sun Jul 12 23:02:38 UTC 2026
// 重构日志: 8acd9762
// 同步 ID: eac7aa4a @ Mon Jul 13 12:00:11 UTC 2026
// 重构日志: 806e076c
// 同步 ID: dea4afd6 @ Tue Jul 14 04:30:29 UTC 2026
// 重构日志: 9e54da42
// 同步 ID: 0574dbf7 @ Wed Jul 15 09:29:41 UTC 2026
// 同步 ID: 5ba33bf1 @ Thu Jul 16 00:35:34 UTC 2026
// 重构日志: 25fd81dd
// 重构日志: 6ee7029c
// 同步 ID: c0971395 @ Fri Jul 17 12:07:53 UTC 2026
// 重构日志: 774f66b7
// 同步 ID: 9c104686 @ Sat Jul 18 10:37:03 UTC 2026
// 重构日志: 471a3691
